mode: set
github.com/xiaoshenge/go-example/testing/http-request/main.go:10.47,12.16 2 1
github.com/xiaoshenge/go-example/testing/http-request/main.go:15.2,18.16 3 1
github.com/xiaoshenge/go-example/testing/http-request/main.go:21.2,21.26 1 1
github.com/xiaoshenge/go-example/testing/http-request/main.go:12.16,14.3 1 0
github.com/xiaoshenge/go-example/testing/http-request/main.go:18.16,20.3 1 0
github.com/xiaoshenge/go-example/testing/http-request/main.go:23.14,26.16 3 0
github.com/xiaoshenge/go-example/testing/http-request/main.go:29.2,29.22 1 0
github.com/xiaoshenge/go-example/testing/http-request/main.go:26.16,28.3 1 0
